<?xml version="1.0" encoding="UTF-8"?>
<!-- Generated by org.testng.reporters.JUnitReportReporter -->
<testsuite hostname="LAPTOP-DR4TJVF9" failures="0" tests="1" name="testng.Windowhandlerp" time="4.980" errors="0" timestamp="2023-06-13T14:16:12 IST" skipped="0">
  <testcase classname="testng.Windowhandlerp" name="test1" time="4.980"/>
  <system-out/>
</testsuite> <!-- testng.Windowhandlerp -->
