<?xml version="1.0" encoding="UTF-8"?>
<!-- Generated by org.testng.reporters.JUnitReportReporter -->
<testsuite hostname="LAPTOP-DR4TJVF9" failures="0" tests="1" name="testng.Amazonwindow" time="13.830" errors="0" timestamp="2023-06-13T20:04:53 IST" skipped="0">
  <testcase classname="testng.Amazonwindow" name="test" time="13.830"/>
  <system-out/>
</testsuite> <!-- testng.Amazonwindow -->
