<?xml version="1.0" encoding="UTF-8"?>
<!-- Generated by org.testng.reporters.JUnitReportReporter -->
<testsuite hostname="LAPTOP-DR4TJVF9" failures="0" tests="1" name="test.Createtest" time="2.654" errors="0" timestamp="2023-06-09T12:08:06 IST" skipped="0">
  <testcase classname="test.Createtest" name="Createtest" time="2.654"/>
  <system-out/>
</testsuite> <!-- test.Createtest -->
