<?xml version="1.0" encoding="UTF-8"?>
<!-- Generated by org.testng.reporters.JUnitReportReporter -->
<testsuite hostname="LAPTOP-DR4TJVF9" failures="0" tests="1" name="testng.Ebaypgm" time="5.593" errors="0" timestamp="2023-05-30T14:10:23 IST" skipped="0">
  <testcase classname="testng.Ebaypgm" name="ebaytest1" time="5.593"/>
  <system-out/>
</testsuite> <!-- testng.Ebaypgm -->
