<?xml version="1.0" encoding="UTF-8"?>
<!-- Generated by org.testng.reporters.JUnitReportReporter -->
<testsuite hostname="LAPTOP-DR4TJVF9" failures="0" tests="1" name="testng.Jstdial" time="2.334" errors="0" timestamp="2023-06-13T13:56:41 IST" skipped="0">
  <testcase classname="testng.Jstdial" name="test1" time="2.334"/>
  <system-out/>
</testsuite> <!-- testng.Jstdial -->
