<?xml version="1.0" encoding="UTF-8"?>
<!-- Generated by org.testng.reporters.JUnitReportReporter -->
<testsuite hostname="LAPTOP-DR4TJVF9" failures="0" tests="1" name="testng.login" time="3.063" errors="0" timestamp="2023-05-30T14:55:22 IST" skipped="0">
  <testcase classname="testng.login" name="alerttest1" time="3.063"/>
  <system-out/>
</testsuite> <!-- testng.login -->
