<?xml version="1.0" encoding="UTF-8"?>
<!-- Generated by org.testng.reporters.JUnitReportReporter -->
<testsuite hostname="LAPTOP-DR4TJVF9" failures="0" tests="1" name="testng.Buttonpgm" time="5.864" errors="0" timestamp="2023-06-02T15:10:38 IST" skipped="0">
  <testcase classname="testng.Buttonpgm" name="fileuploadpgm" time="5.864"/>
  <system-out/>
</testsuite> <!-- testng.Buttonpgm -->
