<?xml version="1.0" encoding="UTF-8"?>
<!-- Generated by org.testng.reporters.JUnitReportReporter -->
<testsuite hostname="LAPTOP-DR4TJVF9" failures="0" tests="1" name="testng.Dragdroppgm" time="5.316" errors="0" timestamp="2023-05-29T19:48:15 IST" skipped="0">
  <testcase classname="testng.Dragdroppgm" name="test1" time="5.316"/>
  <system-out/>
</testsuite> <!-- testng.Dragdroppgm -->
