<?xml version="1.0" encoding="UTF-8"?>
<!-- Generated by org.testng.reporters.JUnitReportReporter -->
<testsuite hostname="LAPTOP-DR4TJVF9" failures="0" tests="1" name="test.Fblogintest" time="0.254" errors="0" timestamp="2023-06-09T12:08:06 IST" skipped="0">
  <testcase classname="test.Fblogintest" name="fbtest" time="0.254"/>
  <system-out/>
</testsuite> <!-- test.Fblogintest -->
