<?xml version="1.0" encoding="UTF-8"?>
<!-- Generated by org.testng.reporters.JUnitReportReporter -->
<testsuite hostname="LAPTOP-DR4TJVF9" failures="0" tests="1" name="testng.Copypastepgm" time="2.994" errors="0" timestamp="2023-05-29T14:07:04 IST" skipped="0">
  <testcase classname="testng.Copypastepgm" name="test1" time="2.994"/>
  <system-out/>
</testsuite> <!-- testng.Copypastepgm -->
