<?xml version="1.0" encoding="UTF-8"?>
<!-- Generated by org.testng.reporters.JUnitReportReporter -->
<testsuite hostname="LAPTOP-DR4TJVF9" failures="0" tests="1" name="Datatestpgm" time="14.831" errors="0" timestamp="2023-05-31T15:25:24 IST" skipped="0">
  <testcase classname="Datatestpgm" name="test1" time="14.831"/>
  <system-out/>
</testsuite> <!-- Datatestpgm -->
